<?xml version="1.0" encoding="UTF-8"?>
<testng-results total="5" passed="4" failed="1" skipped="0">
  <reporter-output>
  </reporter-output>
  <suite started-at="2021-02-10T03:33:52Z" name="Suite" finished-at="2021-02-10T03:35:43Z" duration-ms="110312">
    <groups>
    </groups>
    <test started-at="2021-02-10T03:33:52Z" name="Test" finished-at="2021-02-10T03:35:43Z" duration-ms="110312">
      <class name="orangeHRM.FileUpload">
        <test-method signature="fileUpload()[pri:0, instance:orangeHRM.FileUpload@64bc21ac]" started-at="2021-02-10T09:05:15Z" name="fileUpload" finished-at="2021-02-10T09:05:29Z" duration-ms="14582" status="PASS">
          <reporter-output>
          </reporter-output>
        </test-method> <!-- fileUpload -->
        <test-method is-config="true" signature="tearDown()[pri:0, instance:orangeHRM.FileUpload@64bc21ac]" started-at="2021-02-10T09:05:29Z" name="tearDown" finished-at="2021-02-10T09:05:29Z" duration-ms="32" status="PASS">
          <reporter-output>
          </reporter-output>
        </test-method> <!-- tearDown -->
      </class> <!-- orangeHRM.FileUpload -->
      <class name="orangeHRM.UserCount">
        <test-method signature="userEnabledStatusCount()[pri:0, instance:orangeHRM.UserCount@6d8792db]" started-at="2021-02-10T09:04:55Z" name="userEnabledStatusCount" finished-at="2021-02-10T09:05:15Z" duration-ms="19275" status="PASS">
          <reporter-output>
          </reporter-output>
        </test-method> <!-- userEnabledStatusCount -->
        <test-method is-config="true" signature="tearDown()[pri:0, instance:orangeHRM.UserCount@6d8792db]" started-at="2021-02-10T09:05:15Z" name="tearDown" finished-at="2021-02-10T09:05:15Z" duration-ms="38" status="PASS">
          <reporter-output>
          </reporter-output>
        </test-method> <!-- tearDown -->
      </class> <!-- orangeHRM.UserCount -->
      <class name="orangeHRM.SearchLeave">
        <test-method signature="selectLeave()[pri:0, instance:orangeHRM.SearchLeave@5d25e6bb]" started-at="2021-02-10T09:04:37Z" name="selectLeave" finished-at="2021-02-10T09:04:55Z" duration-ms="18292" status="PASS">
          <reporter-output>
          </reporter-output>
        </test-method> <!-- selectLeave -->
        <test-method is-config="true" signature="tearDown()[pri:0, instance:orangeHRM.SearchLeave@5d25e6bb]" started-at="2021-02-10T09:04:55Z" name="tearDown" finished-at="2021-02-10T09:04:55Z" duration-ms="36" status="PASS">
          <reporter-output>
          </reporter-output>
        </test-method> <!-- tearDown -->
      </class> <!-- orangeHRM.SearchLeave -->
      <class name="orangeHRM.ResumeDownload">
        <test-method signature="resumeDownload()[pri:0, instance:orangeHRM.ResumeDownload@674c583e]" started-at="2021-02-10T09:04:06Z" name="resumeDownload" finished-at="2021-02-10T09:04:34Z" duration-ms="27443" status="FAIL">
          <exception class="org.openqa.selenium.ElementNotInteractableException">
            <message>
              <![CDATA[element not interactable
  (Session info: chrome=88.0.4324.150)
Build info: version: '3.141.59', revision: 'e82be7d358', time: '2018-11-14T08:17:03'
System info: host: 'ADMIN-PC', ip: '169.254.123.117', os.name: 'Windows 7', os.arch: 'amd64', os.version: '6.1', java.version: '11.0.9'
Driver info: org.openqa.selenium.chrome.ChromeDriver
Capabilities {acceptInsecureCerts: false, browserName: chrome, browserVersion: 88.0.4324.150, chrome: {chromedriverVersion: 87.0.4280.20 (c99e81631faa0..., userDataDir: C:\Users\Admin\AppData\Loca...}, goog:chromeOptions: {debuggerAddress: localhost:50504}, javascriptEnabled: true, networkConnectionEnabled: false, pageLoadStrategy: normal, platform: WINDOWS, platformName: WINDOWS, proxy: Proxy(), setWindowRect: true, strictFileInteractability: false, timeouts: {implicit: 0, pageLoad: 300000, script: 30000}, unhandledPromptBehavior: dismiss and notify, webauthn:virtualAuthenticators: true}
Session ID: fe61b9ef592448d489a5bd195fdd5689]]>
            </message>
            <full-stacktrace>
              <![CDATA[org.openqa.selenium.ElementNotInteractableException: element not interactable
  (Session info: chrome=88.0.4324.150)
Build info: version: '3.141.59', revision: 'e82be7d358', time: '2018-11-14T08:17:03'
System info: host: 'ADMIN-PC', ip: '169.254.123.117', os.name: 'Windows 7', os.arch: 'amd64', os.version: '6.1', java.version: '11.0.9'
Driver info: org.openqa.selenium.chrome.ChromeDriver
Capabilities {acceptInsecureCerts: false, browserName: chrome, browserVersion: 88.0.4324.150, chrome: {chromedriverVersion: 87.0.4280.20 (c99e81631faa0..., userDataDir: C:\Users\Admin\AppData\Loca...}, goog:chromeOptions: {debuggerAddress: localhost:50504}, javascriptEnabled: true, networkConnectionEnabled: false, pageLoadStrategy: normal, platform: WINDOWS, platformName: WINDOWS, proxy: Proxy(), setWindowRect: true, strictFileInteractability: false, timeouts: {implicit: 0, pageLoad: 300000, script: 30000}, unhandledPromptBehavior: dismiss and notify, webauthn:virtualAuthenticators: true}
Session ID: fe61b9ef592448d489a5bd195fdd5689
	at java.base/jdk.internal.reflect.NativeConstructorAccessorImpl.newInstance0(Native Method)
	at java.base/jdk.internal.reflect.NativeConstructorAccessorImpl.newInstance(NativeConstructorAccessorImpl.java:62)
	at java.base/jdk.internal.reflect.DelegatingConstructorAccessorImpl.newInstance(DelegatingConstructorAccessorImpl.java:45)
	at java.base/java.lang.reflect.Constructor.newInstance(Constructor.java:490)
	at org.openqa.selenium.remote.http.W3CHttpResponseCodec.createException(W3CHttpResponseCodec.java:187)
	at org.openqa.selenium.remote.http.W3CHttpResponseCodec.decode(W3CHttpResponseCodec.java:122)
	at org.openqa.selenium.remote.http.W3CHttpResponseCodec.decode(W3CHttpResponseCodec.java:49)
	at org.openqa.selenium.remote.HttpCommandExecutor.execute(HttpCommandExecutor.java:158)
	at org.openqa.selenium.remote.service.DriverCommandExecutor.execute(DriverCommandExecutor.java:83)
	at org.openqa.selenium.remote.RemoteWebDriver.execute(RemoteWebDriver.java:552)
	at org.openqa.selenium.remote.RemoteWebElement.execute(RemoteWebElement.java:285)
	at org.openqa.selenium.remote.RemoteWebElement.click(RemoteWebElement.java:84)
	at orangeHRM.ResumeDownload.resumeDownload(ResumeDownload.java:38)
	at java.base/jdk.internal.reflect.NativeMethodAccessorImpl.invoke0(Native Method)
	at java.base/jdk.internal.reflect.NativeMethodAccessorImpl.invoke(NativeMethodAccessorImpl.java:62)
	at java.base/jdk.internal.reflect.DelegatingMethodAccessorImpl.invoke(DelegatingMethodAccessorImpl.java:43)
	at java.base/java.lang.reflect.Method.invoke(Method.java:566)
	at org.testng.internal.MethodInvocationHelper.invokeMethod(MethodInvocationHelper.java:80)
	at org.testng.internal.Invoker.invokeMethod(Invoker.java:714)
	at org.testng.internal.Invoker.invokeTestMethod(Invoker.java:901)
	at org.testng.internal.Invoker.invokeTestMethods(Invoker.java:1231)
	at org.testng.internal.TestMethodWorker.invokeTestMethods(TestMethodWorker.java:127)
	at org.testng.internal.TestMethodWorker.run(TestMethodWorker.java:111)
	at org.testng.TestRunner.privateRun(TestRunner.java:767)
	at org.testng.TestRunner.run(TestRunner.java:617)
	at org.testng.SuiteRunner.runTest(SuiteRunner.java:334)
	at org.testng.SuiteRunner.runSequentially(SuiteRunner.java:329)
	at org.testng.SuiteRunner.privateRun(SuiteRunner.java:291)
	at org.testng.SuiteRunner.run(SuiteRunner.java:240)
	at org.testng.SuiteRunnerWorker.runSuite(SuiteRunnerWorker.java:52)
	at org.testng.SuiteRunnerWorker.run(SuiteRunnerWorker.java:86)
	at org.testng.TestNG.runSuitesSequentially(TestNG.java:1198)
	at org.testng.TestNG.runSuitesLocally(TestNG.java:1123)
	at org.testng.TestNG.run(TestNG.java:1031)
	at org.apache.maven.surefire.testng.TestNGExecutor.run(TestNGExecutor.java:283)
	at org.apache.maven.surefire.testng.TestNGXmlTestSuite.execute(TestNGXmlTestSuite.java:75)
	at org.apache.maven.surefire.testng.TestNGProvider.invoke(TestNGProvider.java:120)
	at org.apache.maven.surefire.booter.ForkedBooter.invokeProviderInSameClassLoader(ForkedBooter.java:386)
	at org.apache.maven.surefire.booter.ForkedBooter.runSuitesInProcess(ForkedBooter.java:323)
	at org.apache.maven.surefire.booter.ForkedBooter.main(ForkedBooter.java:143)
]]>
            </full-stacktrace>
          </exception> <!-- org.openqa.selenium.ElementNotInteractableException -->
          <reporter-output>
          </reporter-output>
        </test-method> <!-- resumeDownload -->
        <test-method is-config="true" signature="tearDown()[pri:0, instance:orangeHRM.ResumeDownload@674c583e]" started-at="2021-02-10T09:04:34Z" name="tearDown" finished-at="2021-02-10T09:04:37Z" duration-ms="3176" status="PASS">
          <reporter-output>
          </reporter-output>
        </test-method> <!-- tearDown -->
      </class> <!-- orangeHRM.ResumeDownload -->
      <class name="orangeHRM.DeleteUser">
        <test-method is-config="true" signature="initiateDriver()[pri:0, instance:orangeHRM.DeleteUser@493dfb8e]" started-at="2021-02-10T09:03:52Z" name="initiateDriver" finished-at="2021-02-10T09:03:55Z" duration-ms="2583" status="PASS">
          <reporter-output>
          </reporter-output>
        </test-method> <!-- initiateDriver -->
        <test-method is-config="true" signature="initiateDriver()[pri:0, instance:orangeHRM.FileUpload@64bc21ac]" started-at="2021-02-10T09:03:55Z" name="initiateDriver" finished-at="2021-02-10T09:03:57Z" duration-ms="2236" status="PASS">
          <reporter-output>
          </reporter-output>
        </test-method> <!-- initiateDriver -->
        <test-method is-config="true" signature="initiateDriver()[pri:0, instance:orangeHRM.ResumeDownload@674c583e]" started-at="2021-02-10T09:03:57Z" name="initiateDriver" finished-at="2021-02-10T09:03:59Z" duration-ms="2111" status="PASS">
          <reporter-output>
          </reporter-output>
        </test-method> <!-- initiateDriver -->
        <test-method is-config="true" signature="initiateDriver()[pri:0, instance:orangeHRM.SearchLeave@5d25e6bb]" started-at="2021-02-10T09:03:59Z" name="initiateDriver" finished-at="2021-02-10T09:04:01Z" duration-ms="2085" status="PASS">
          <reporter-output>
          </reporter-output>
        </test-method> <!-- initiateDriver -->
        <test-method is-config="true" signature="initiateDriver()[pri:0, instance:orangeHRM.UserCount@6d8792db]" started-at="2021-02-10T09:04:01Z" name="initiateDriver" finished-at="2021-02-10T09:04:06Z" duration-ms="4949" status="PASS">
          <reporter-output>
          </reporter-output>
        </test-method> <!-- initiateDriver -->
        <test-method signature="deleteUser()[pri:0, instance:orangeHRM.DeleteUser@493dfb8e]" started-at="2021-02-10T09:05:29Z" name="deleteUser" finished-at="2021-02-10T09:05:43Z" duration-ms="13282" status="PASS">
          <reporter-output>
          </reporter-output>
        </test-method> <!-- deleteUser -->
        <test-method is-config="true" signature="tearDown()[pri:0, instance:orangeHRM.DeleteUser@493dfb8e]" started-at="2021-02-10T09:05:43Z" name="tearDown" finished-at="2021-02-10T09:05:43Z" duration-ms="53" status="PASS">
          <reporter-output>
          </reporter-output>
        </test-method> <!-- tearDown -->
      </class> <!-- orangeHRM.DeleteUser -->
    </test> <!-- Test -->
  </suite> <!-- Suite -->
</testng-results>
