<?xml version="1.0" encoding="UTF-8"?>
<!-- Generated by org.testng.reporters.JUnitXMLReporter -->
<testsuite ignored="0" hostname="Admin-PC" failures="0" tests="5" name="Test" time="113.882" errors="0" timestamp="2021-02-09T16:25:25 IST">
  <testcase classname="orangeHRM.ResumeDownload" name="resumeDownload" time="21.064"/>
  <testcase classname="orangeHRM.SearchLeave" name="selectLeave" time="26.039"/>
  <testcase classname="orangeHRM.UserCount" name="userEnabledStatusCount" time="15.239"/>
  <testcase classname="orangeHRM.FileUpload" name="fileUpload" time="20.619"/>
  <testcase classname="orangeHRM.DeleteUser" name="deleteUser" time="17.143"/>
</testsuite> <!-- Test -->
